<?xml version="1.0"?>
<?xml-stylesheet type="text/xsl" href="tandem-style.xsl"?>
<bioml xmlns:GAML="http://www.bioml.com/gaml/" label="models from 'test.mgf'">
<group id="173" mh="805.492724" z="2" rt="" expect="3.8e-02" label="sp|IL8_HUMAN|" type="model" sumI="3.69" maxI="665.429" fI="6.65429" act="0" >
<protein expect="-1.4" id="173.1" uid="151" label="sp|IL8_HUMAN|" sumI="3.69" >
<note label="description">sp|IL8_HUMAN|</note>
<file type="peptide" URL="db_concatenated_target_decoy.fasta"/>
<peptide start="1" end="99">
	MTSKLAVALL AAFLISAALC EGAVLPRSAK ELRCQCIKTY SKPFHPKFIK
	ELRVIESGPH CANTEIIVKL SDGRELCLDP KENWVQRVVE KFLKRAENS
<domain id="173.1.1" start="48" end="53" expect="3.8e-02" mh="805.4930" delta="-0.0003" hyperscore="17.2" nextscore="8.0" y_score="8.9" y_ions="5" b_score="0.0" b_ions="0" pre="FHPK" post="VIES" seq="FIKELR" missed_cleavages="1">
</domain>
</peptide>
</protein>
<group label="supporting data" type="support">
<GAML:trace label="173.hyper" type="hyperscore expectation function">
<GAML:attribute type="a0">2.875</GAML:attribute>
<GAML:attribute type="a1">-0.25</GAML:attribute>
<GAML:Xdata label="173.hyper" units="score">
<GAML:values byteorder="INTEL" format="ASCII" numvalues="19">
0 1 2 3 4 5 6 7 8 9 10 11 12 13 14 15 16 17 18 
</GAML:values>
</GAML:Xdata>
<GAML:Ydata label="173.hyper" units="counts">
<GAML:values byteorder="INTEL" format="ASCII" numvalues="19">
99 99 99 97 87 79 61 42 32 9 1 0 0 0 0 0 0 1 0 
</GAML:values>
</GAML:Ydata>
</GAML:trace>
<GAML:trace label="173.convolute" type="convolution survival function">
<GAML:Xdata label="173.convolute" units="score">
<GAML:values byteorder="INTEL" format="ASCII" numvalues="11">
0 1 2 3 4 5 6 7 8 9 10 
</GAML:values>
</GAML:Xdata>
<GAML:Ydata label="173.convolute" units="counts">
<GAML:values byteorder="INTEL" format="ASCII" numvalues="11">
101 101 101 99 89 79 55 34 25 1 0 
</GAML:values>
</GAML:Ydata>
</GAML:trace>
<GAML:trace label="173.b" type="b ion histogram">
<GAML:Xdata label="173.b" units="number of ions">
<GAML:values byteorder="INTEL" format="ASCII" numvalues="4">
0 1 2 3 
</GAML:values>
</GAML:Xdata>
<GAML:Ydata label="173.b" units="counts">
<GAML:values byteorder="INTEL" format="ASCII" numvalues="4">
40 59 4 0 
</GAML:values>
</GAML:Ydata>
</GAML:trace>
<GAML:trace label="173.y" type="y ion histogram">
<GAML:Xdata label="173.y" units="number of ions">
<GAML:values byteorder="INTEL" format="ASCII" numvalues="7">
0 1 2 3 4 5 6 
</GAML:values>
</GAML:Xdata>
<GAML:Ydata label="173.y" units="counts">
<GAML:values byteorder="INTEL" format="ASCII" numvalues="7">
39 29 33 1 0 1 0 
</GAML:values>
</GAML:Ydata>
</GAML:trace>

</group>
<group type="support" label="fragment ion mass spectrum">
<note label="Description">id=25693,sequence=VHAIPLR </note>
<GAML:trace id="173" label="173.spectrum" type="tandem mass spectrum">
<GAML:attribute type="M+H">805.493</GAML:attribute>
<GAML:attribute type="charge">2</GAML:attribute>
<GAML:Xdata label="173.spectrum" units="MASSTOCHARGERATIO">
<GAML:values byteorder="INTEL" format="ASCII" numvalues="50">
166.003 175.174 176.111 209.922 212.09 220.13 237.2 240.293 243.005 274.226 288.11 308.25 312.05 329.207 342.911 344.916 349.846 354.014 356.062 361.266 365.014 368.197 373.513 376.221 382.24 385.133 387.06 390.542 392.078 393.888
397.226 404.743 416.738 421.364 425.47 428.508 450.561 452.988 466.148 474.901 483.581 488.835 498.454 502.322 505.242 523.043 531.386 546.389 547.716 569.378 
</GAML:values>
</GAML:Xdata>
<GAML:Ydata label="173.spectrum" units="UNKNOWN">
<GAML:values byteorder="INTEL" format="ASCII" numvalues="50">
5 12 7 100 9 13 61 7 5 5 6 12 4 5 10 5 4 31 4 6 7 5 4 18 10 80 8 9 10 29
30 5 8 4 5 4 6 4 13 7 18 5 16 4 6 6 12 5 12 81 
</GAML:values>
</GAML:Ydata>
</GAML:trace>
</group></group>
<group id="169" mh="805.452744" z="2" rt="" expect="6.5e-02" label="sp|KRA3A_SHEEP_REVERSED|" type="model" sumI="2.71" maxI="43.1446" fI="0.431446" act="0" >
<protein expect="-1.2" id="169.1" uid="60" label="sp|KRA3A_SHEEP_REVERSED|" sumI="2.71" >
<note label="description">sp|KRA3A_SHEEP_REVERSED|</note>
<file type="peptide" URL="db_concatenated_target_decoy.fasta"/>
<peptide start="1" end="130">
	CCPSTRFTRC TTRPASPCST PRCCPCQVSV PQCCTTAWCC PRCVVAQCST
	PCCTIPRCCG EQLSCPDCCV PRRCPECIPR TCRSVFTVPR SVTQTSSVPR
	CCCPDRYCCP QLCGGGCSLS SFTPGCCSGT 
<domain id="169.1.1" start="84" end="90" expect="6.5e-02" mh="805.4567" delta="-0.0039" hyperscore="19.2" nextscore="11.3" y_score="10.9" y_ions="5" b_score="0.0" b_ions="0" pre="RTCR" post="SVTQ" seq="SVFTVPR" missed_cleavages="0">
</domain>
</peptide>
</protein>
<group label="supporting data" type="support">
<GAML:trace label="169.hyper" type="hyperscore expectation function">
<GAML:attribute type="a0">3.625</GAML:attribute>
<GAML:attribute type="a1">-0.25</GAML:attribute>
<GAML:Xdata label="169.hyper" units="score">
<GAML:values byteorder="INTEL" format="ASCII" numvalues="21">
0 1 2 3 4 5 6 7 8 9 10 11 12 13 14 15 16 17 18 19 20 
</GAML:values>
</GAML:Xdata>
<GAML:Ydata label="169.hyper" units="counts">
<GAML:values byteorder="INTEL" format="ASCII" numvalues="21">
69 69 69 69 69 66 65 63 52 42 24 16 4 1 0 0 0 0 0 1 0 
</GAML:values>
</GAML:Ydata>
</GAML:trace>
<GAML:trace label="169.convolute" type="convolution survival function">
<GAML:Xdata label="169.convolute" units="score">
<GAML:values byteorder="INTEL" format="ASCII" numvalues="13">
0 1 2 3 4 5 6 7 8 9 10 11 12 
</GAML:values>
</GAML:Xdata>
<GAML:Ydata label="169.convolute" units="counts">
<GAML:values byteorder="INTEL" format="ASCII" numvalues="13">
66 66 66 66 66 63 62 53 41 29 11 1 0 
</GAML:values>
</GAML:Ydata>
</GAML:trace>
<GAML:trace label="169.b" type="b ion histogram">
<GAML:Xdata label="169.b" units="number of ions">
<GAML:values byteorder="INTEL" format="ASCII" numvalues="5">
0 1 2 3 4 
</GAML:values>
</GAML:Xdata>
<GAML:Ydata label="169.b" units="counts">
<GAML:values byteorder="INTEL" format="ASCII" numvalues="5">
26 39 5 1 0 
</GAML:values>
</GAML:Ydata>
</GAML:trace>
<GAML:trace label="169.y" type="y ion histogram">
<GAML:Xdata label="169.y" units="number of ions">
<GAML:values byteorder="INTEL" format="ASCII" numvalues="7">
0 1 2 3 4 5 6 
</GAML:values>
</GAML:Xdata>
<GAML:Ydata label="169.y" units="counts">
<GAML:values byteorder="INTEL" format="ASCII" numvalues="7">
7 30 29 4 0 1 0 
</GAML:values>
</GAML:Ydata>
</GAML:trace>

</group>
<group type="support" label="fragment ion mass spectrum">
<note label="Description">id=120339,sequence=ASSSGGSPR </note>
<GAML:trace id="169" label="169.spectrum" type="tandem mass spectrum">
<GAML:attribute type="M+H">805.453</GAML:attribute>
<GAML:attribute type="charge">2</GAML:attribute>
<GAML:Xdata label="169.spectrum" units="MASSTOCHARGERATIO">
<GAML:values byteorder="INTEL" format="ASCII" numvalues="50">
175.076 202.149 206.834 226.18 236.874 239.22 243.155 247.168 261.065 272.254 289.811 293.15 299.132 306.192 314.913 316.906 324.249 341.951 345.155 359.78 361.93 367.448 369.142 371.462 373.42 375.272 384.2 385.21 387.161 388.967
394.041 398.965 405.702 442.446 464.886 473.502 475.803 503.573 511.336 522.062 535.572 544.287 556.367 557.994 560.431 573.259 577.23 629.368 693.226 791.432 
</GAML:values>
</GAML:Xdata>
<GAML:Ydata label="169.spectrum" units="UNKNOWN">
<GAML:values byteorder="INTEL" format="ASCII" numvalues="50">
7 28 14 9 9 31 15 17 8 31 10 18 30 22 12 14 11 14 40 24 36 14 56 36 8 20 68 100 47 11
81 23 12 11 31 22 71 17 8 12 13 10 29 17 21 7 14 10 21 10 
</GAML:values>
</GAML:Ydata>
</GAML:trace>
</group></group>
<group id="68" mh="801.392744" z="2" rt="" expect="7.2e-02" label="sp|TNFA_HUMAN|" type="model" sumI="3.90" maxI="1485.66" fI="14.8566" act="0" >
<protein expect="-1.1" id="68.1" uid="189" label="sp|TNFA_HUMAN|" sumI="3.90" >
<note label="description">sp|TNFA_HUMAN|</note>
<file type="peptide" URL="db_concatenated_target_decoy.fasta"/>
<peptide start="1" end="233">
	MSTESMIRDV ELAEEALPKK TGGPQGSRRC LFLSLFSFLI VAGATTLFCL
	LHFGVIGPQR EEFPRDLSLI SPLAQAVRSS SRTPSDKPVA HVVANPQAEG
	QLQWLNRRAN ALLANGVELR DNQLVVPSEG LYLIYSQVLF KGQGCPSTHV
	LLTHTISRIA VSYQTKVNLL SAIKSPCQRE TPEGAEAKPW YEPIYLGGVF
	QLEKGDRLSA EINRPDYLDF AESGQVYFGI IAL
<domain id="68.1.1" start="21" end="28" expect="7.2e-02" mh="801.3850" delta="0.0078" hyperscore="14.1" nextscore="8.0" y_score="8.5" y_ions="4" b_score="3.5" b_ions="1" pre="LPKK" post="RCLF" seq="TGGPQGSR" missed_cleavages="0">
<aa type="T" at="21" modified="42.01057" />
</domain>
</peptide>
</protein>
<group label="supporting data" type="support">
<GAML:trace label="68.hyper" type="hyperscore expectation function">
<GAML:attribute type="a0">2.375</GAML:attribute>
<GAML:attribute type="a1">-0.25</GAML:attribute>
<GAML:Xdata label="68.hyper" units="score">
<GAML:values byteorder="INTEL" format="ASCII" numvalues="16">
0 1 2 3 4 5 6 7 8 9 10 11 12 13 14 15 
</GAML:values>
</GAML:Xdata>
<GAML:Ydata label="68.hyper" units="counts">
<GAML:values byteorder="INTEL" format="ASCII" numvalues="16">
19 19 19 17 17 11 9 3 1 0 0 0 0 0 1 0 
</GAML:values>
</GAML:Ydata>
</GAML:trace>
<GAML:trace label="68.convolute" type="convolution survival function">
<GAML:Xdata label="68.convolute" units="score">
<GAML:values byteorder="INTEL" format="ASCII" numvalues="11">
0 1 2 3 4 5 6 7 8 9 10 
</GAML:values>
</GAML:Xdata>
<GAML:Ydata label="68.convolute" units="counts">
<GAML:values byteorder="INTEL" format="ASCII" numvalues="11">
22 22 22 20 20 12 4 2 1 1 0 
</GAML:values>
</GAML:Ydata>
</GAML:trace>
<GAML:trace label="68.b" type="b ion histogram">
<GAML:Xdata label="68.b" units="number of ions">
<GAML:values byteorder="INTEL" format="ASCII" numvalues="5">
0 1 2 3 4 
</GAML:values>
</GAML:Xdata>
<GAML:Ydata label="68.b" units="counts">
<GAML:values byteorder="INTEL" format="ASCII" numvalues="5">
2 16 6 2 0 
</GAML:values>
</GAML:Ydata>
</GAML:trace>
<GAML:trace label="68.y" type="y ion histogram">
<GAML:Xdata label="68.y" units="number of ions">
<GAML:values byteorder="INTEL" format="ASCII" numvalues="6">
0 1 2 3 4 5 
</GAML:values>
</GAML:Xdata>
<GAML:Ydata label="68.y" units="counts">
<GAML:values byteorder="INTEL" format="ASCII" numvalues="6">
0 20 2 2 2 0 
</GAML:values>
</GAML:Ydata>
</GAML:trace>

</group>
<group type="support" label="fragment ion mass spectrum">
<note label="Description">id=123203,sequence=SKEANPR </note>
<GAML:trace id="68" label="68.spectrum" type="tandem mass spectrum">
<GAML:attribute type="M+H">801.393</GAML:attribute>
<GAML:attribute type="charge">2</GAML:attribute>
<GAML:Xdata label="68.spectrum" units="MASSTOCHARGERATIO">
<GAML:values byteorder="INTEL" format="ASCII" numvalues="50">
157.047 158.046 175.093 199.075 215.131 224.883 227.036 229.24 239.085 253.42 257.01 269.386 272.239 286.345 288.262 293.22 298.844 302.147 312.124 319.4 325.475 338.242 340.093 342.546 349.828 354.884 357.169 358.69 361.027 363.351
366.404 371.091 378.444 383.285 386.067 391.42 457.342 486.327 488.228 511.039 537.508 561.301 563.379 585.464 586.457 591.308 625.612 671.278 686.607 714.677 
</GAML:values>
</GAML:Xdata>
<GAML:Ydata label="68.spectrum" units="UNKNOWN">
<GAML:values byteorder="INTEL" format="ASCII" numvalues="50">
4 7 70 3 5 3 7 4 5 4 17 4 10 5 6 15 16 3 3 3 4 3 7 10 3 8 6 3 3 4
33 7 15 35 6 100 22 10 3 3 3 6 5 12 6 4 5 3 4 3 
</GAML:values>
</GAML:Ydata>
</GAML:trace>
</group></group>
<group id="201" mh="806.332744" z="2" rt="" expect="9.0e-02" label="sp|KRA3A_SHEEP|" type="model" sumI="2.57" maxI="18.0236" fI="0.180236" act="0" >
<protein expect="-1.0" id="201.1" uid="59" label="sp|KRA3A_SHEEP|" sumI="2.57" >
<note label="description">sp|KRA3A_SHEEP|</note>
<file type="peptide" URL="db_concatenated_target_decoy.fasta"/>
<peptide start="1" end="130">
	TGSCCGPTFS SLSCGGGCLQ PCCYRDPCCC RPVSSTQTVS RPVTFVSRCT
	RPICEPCRRP VCCDPCSLQE GCCRPITCCP TSCQAVVCRP CCWATTCCQP
	VSVQCPCCRP TSCPSAPRTT CRTFRTSPCC 
<domain id="201.1.1" start="59" end="64" expect="9.0e-02" mh="806.3284" delta="0.0044" hyperscore="17.7" nextscore="8.0" y_score="12.1" y_ions="4" b_score="7.3" b_ions="1" pre="EPCR" post="PCSL" seq="RPVCCD" missed_cleavages="0">
<aa type="C" at="62" modified="57.02147" />
<aa type="C" at="63" modified="57.02147" />
</domain>
</peptide>
</protein>
<protein expect="-1.0" id="201.2" uid="61" label="sp|KRA3_SHEEP|" sumI="2.57" >
<note label="description">sp|KRA3_SHEEP|</note>
<file type="peptide" URL="db_concatenated_target_decoy.fasta"/>
<peptide start="1" end="131">
	TGSCCGPTFS SLSCGGGCLQ PRYYRDPCCC RPVSCQTVSR PVTFVPRCTR
	PICEPCRRPV CCDPCSLQEG CCRPITCCPT SCQAVVCRPC CWATTCCQPV
	SVQCPCCRPT SCQPAPCSRT TCRTFRTSPC C
<domain id="201.2.1" start="58" end="63" expect="9.0e-02" mh="806.3284" delta="0.0044" hyperscore="17.7" nextscore="8.0" y_score="12.1" y_ions="4" b_score="7.3" b_ions="1" pre="EPCR" post="PCSL" seq="RPVCCD" missed_cleavages="0">
<aa type="C" at="61" modified="57.02147" />
<aa type="C" at="62" modified="57.02147" />
</domain>
</peptide>
</protein>
<group label="supporting data" type="support">
<GAML:trace label="201.hyper" type="hyperscore expectation function">
<GAML:attribute type="a0">3.375</GAML:attribute>
<GAML:attribute type="a1">-0.25</GAML:attribute>
<GAML:Xdata label="201.hyper" units="score">
<GAML:values byteorder="INTEL" format="ASCII" numvalues="20">
0 1 2 3 4 5 6 7 8 9 10 11 12 13 14 15 16 17 18 19 
</GAML:values>
</GAML:Xdata>
<GAML:Ydata label="201.hyper" units="counts">
<GAML:values byteorder="INTEL" format="ASCII" numvalues="20">
10 10 10 10 10 10 6 5 5 4 3 2 1 0 0 0 0 0 1 0 
</GAML:values>
</GAML:Ydata>
</GAML:trace>
<GAML:trace label="201.convolute" type="convolution survival function">
<GAML:Xdata label="201.convolute" units="score">
<GAML:values byteorder="INTEL" format="ASCII" numvalues="14">
0 1 2 3 4 5 6 7 8 9 10 11 12 13 
</GAML:values>
</GAML:Xdata>
<GAML:Ydata label="201.convolute" units="counts">
<GAML:values byteorder="INTEL" format="ASCII" numvalues="14">
10 10 10 10 10 10 6 5 5 4 3 2 1 0 
</GAML:values>
</GAML:Ydata>
</GAML:trace>
<GAML:trace label="201.b" type="b ion histogram">
<GAML:Xdata label="201.b" units="number of ions">
<GAML:values byteorder="INTEL" format="ASCII" numvalues="4">
0 1 2 3 
</GAML:values>
</GAML:Xdata>
<GAML:Ydata label="201.b" units="counts">
<GAML:values byteorder="INTEL" format="ASCII" numvalues="4">
12 28 8 0 
</GAML:values>
</GAML:Ydata>
</GAML:trace>
<GAML:trace label="201.y" type="y ion histogram">
<GAML:Xdata label="201.y" units="number of ions">
<GAML:values byteorder="INTEL" format="ASCII" numvalues="6">
0 1 2 3 4 5 
</GAML:values>
</GAML:Xdata>
<GAML:Ydata label="201.y" units="counts">
<GAML:values byteorder="INTEL" format="ASCII" numvalues="6">
10 28 8 0 2 0 
</GAML:values>
</GAML:Ydata>
</GAML:trace>

</group>
<group type="support" label="fragment ion mass spectrum">
<note label="Description">id=105214,sequence=GVPCSMR </note>
<GAML:trace id="201" label="201.spectrum" type="tandem mass spectrum">
<GAML:attribute type="M+H">806.333</GAML:attribute>
<GAML:attribute type="charge">2</GAML:attribute>
<GAML:Xdata label="201.spectrum" units="MASSTOCHARGERATIO">
<GAML:values byteorder="INTEL" format="ASCII" numvalues="50">
174.036 216.159 227.18 235.246 272.438 277.227 287.029 289.998 297.207 306.229 316.719 320.387 324.416 327.121 329.966 331.902 343.089 345.877 349.088 353.024 359.66 367.477 369.2 370.836 383.077 385.988 392.623 394.662 397.454 436.843
461.953 466.921 471.312 485.3 490.822 495.525 524.304 531.395 542.183 553.453 556.382 558.912 580.386 582.94 619.487 629.494 631.492 644.277 650.683 765.84 
</GAML:values>
</GAML:Xdata>
<GAML:Ydata label="201.spectrum" units="UNKNOWN">
<GAML:values byteorder="INTEL" format="ASCII" numvalues="50">
27 17 19 13 71 17 32 21 36 42 72 42 26 28 81 52 65 25 14 22 42 30 31 41 21 100 59 58 43 41
29 28 71 74 63 89 28 79 40 59 17 18 55 31 24 27 13 32 73 30 
</GAML:values>
</GAML:Ydata>
</GAML:trace>
</group></group>
<group id="7" mh="1199.575448" z="3" rt="" expect="1.4e-01" label="sp|CO5_HUMAN_REVERSED|" type="model" sumI="4.22" maxI="1449" fI="14.49" act="0" >
<protein expect="0.0" id="7.1" uid="128" label="sp|CO5_HUMAN_REVERSED|" sumI="4.22" >
<note label="description">sp|CO5_HUMAN_REVERSED|</note>
<file type="peptide" URL="db_concatenated_target_decoy.fasta"/>
<peptide start="1" end="1676">
	CGNLFIDEAF EDLNALFAQC SSCTTDRPWY EIWTLSDLPY IYRFSFNYKI
	QLAEKGMILY QRGKVLEANT CTVKKIFTIE SDKEAVAEGT KYIDLLTAKY
	KVFVNEVTIS TISVKYAYAI EPKCATQKRT EASITLDLEE QMQGCDAEVC
	KCAAGECVKQ IKINSTSYFM TCQKDPRHYE YVTFTAPSLF GVEFLEFIRF
	RVCLFDSSPI SNLQLIVHGD KIQYDTFLQD VGEVLAKLDE ENASIGTPLS
	IDMVAHSSGS SSEERSPKYS ACAVIRKYDS NGYGRYHSAE IDQTDIKLYF
	SCVEESTSTK HVVTTVHVTA LGSGFGTSVI LDDNLLVEVP RGLFNKDTMK
	YNHLAGKHKY SVDIDMSLRL QKVLLSYETL GEIANITDQT SYFGGGYRQE
	ESLWKIVPNV YNIDKLNLST LLAYATTEVM RATGTNPVSS DKHQLNDKWF
	RYIPPNGKVL AERKLASVIS RFQPHTKDGL SLAYASIALT FTSQAPLTNE
	LLFNDAKILA TDIKVLPCID FAKRIGIVTF ATLYLSNERA EVPLTGQLKI
	PQYQSNEKFS GNDLQYNEVL WLLSNCISNQ NQEVYKNVQG LVRLAFATLW
	TSASGGKWVS YSYDANRYSM ISLMGEKLKK KLKQKEILPD SHFINWHNGT
	ELYHFVYFVP VVSMLEAEAS GKPLHTLINI GEQSLVASLI EGVLLGKVSL
	IRKIETKPVL DLPIRYPFEK RRSITGYIGR PDLTVGSYSE RKVGEPVVRL
	TKVLIEKGFW TELSFNINHL GIELPLVTFT VLHSSSGEVK QRVCKSSKTG
	QHDIVPSEST CIGEVASMKV CFQMGSTRYN YVTGKLQIQE GRVVSYPINM
	ELFVDKFVKA KVTDAVCIGT NSIGIGQIEW TTLSDPLAFQ LQKRRPVLHV
	EWLWSEPFYS RIEPKSVPLL TKMHLRGLQM DKHSINARLQ SAVVCCETFA
	KICRPGLSIR AARQECTEDN NVCAGDYCCK KVVSHKYKAA IEEIKKQLTR
	RPRLIEKCPE DNEQSDDANA NTLFTLGALH FVNANNLGGG AGCGLDSKEL
	FQFVRELPKK AGRQVGYVAS DVAALAVWSD MGTAMNLSVT QGPSYADADP
	SLHVQLQNGC KEEINLWVSD SVLEATQEGT VIYYVLLRSS PVMNQTVPIN
	ISQYSADSFK ERTGFHIIKG KSLILYNYHT IKDIYPSKPT VIINLHEGVL
	LAKHNDTWDI YLYSQSLSSY AIARYGERAQ NEEPLDPADT KVNFELVTVG
	SPLNLVFSAV GDDVRTVSKS PDLDSTEQNV DITQANLIVP VGGVLQDLSD
	KVQVKIPYPI GPKLFLPTAV LNLKYPSLVY KIGPIEAEES FGGTSEIVTV
	AIYLYKNNLD ELSYYSLEKV ATESDFTVQA IGNILMTNQM ATQMMEKQDD
	KLDERIGFTI YVDAETVVKN YFYRAKITIE FNKFNKYGIF NYEPEISVSF
	HPLVYEKVEF YATGTTSFDE KYKAKITWMG YRPNSPIKFD PFSIIGIHDI
	EEVMDVESGE PDIFTLVTER KAPKLDDNLS YVRVKVSQDP TYVPKDTHIF
	LFGNDYTIPM RKSKSFHKSV VELYVYSVPN QGGPLQKPQI TLIASNQFKN
	ESSLHVHGSS YSFKKDPYSK ISITADFAET YGYVQIVINE SAGVRFIKPA
	SIVYTQEQGW TKGLFILFCL IGLLGM
<domain id="7.1.1" start="360" end="369" expect="1.4e-01" mh="1198.577" delta="0.998" hyperscore="17.9" nextscore="16.4" y_score="10.9" y_ions="3" b_score="9.9" b_ions="4" pre="GKHK" post="LQKV" seq="YSVDIDMSLR" missed_cleavages="0">
</domain>
</peptide>
</protein>
<group label="supporting data" type="support">
<GAML:trace label="7.hyper" type="hyperscore expectation function">
<GAML:attribute type="a0">3.625</GAML:attribute>
<GAML:attribute type="a1">-0.25</GAML:attribute>
<GAML:Xdata label="7.hyper" units="score">
<GAML:values byteorder="INTEL" format="ASCII" numvalues="20">
0 1 2 3 4 5 6 7 8 9 10 11 12 13 14 15 16 17 18 19 
</GAML:values>
</GAML:Xdata>
<GAML:Ydata label="7.hyper" units="counts">
<GAML:values byteorder="INTEL" format="ASCII" numvalues="20">
37 37 37 37 36 34 32 30 27 21 13 7 2 1 1 0 0 0 1 0 
</GAML:values>
</GAML:Ydata>
</GAML:trace>
<GAML:trace label="7.convolute" type="convolution survival function">
<GAML:Xdata label="7.convolute" units="score">
<GAML:values byteorder="INTEL" format="ASCII" numvalues="14">
0 1 2 3 4 5 6 7 8 9 10 11 12 13 
</GAML:values>
</GAML:Xdata>
<GAML:Ydata label="7.convolute" units="counts">
<GAML:values byteorder="INTEL" format="ASCII" numvalues="14">
43 43 43 43 42 40 38 35 29 19 9 2 1 0 
</GAML:values>
</GAML:Ydata>
</GAML:trace>
<GAML:trace label="7.b" type="b ion histogram">
<GAML:Xdata label="7.b" units="number of ions">
<GAML:values byteorder="INTEL" format="ASCII" numvalues="8">
0 1 2 3 4 5 6 7 
</GAML:values>
</GAML:Xdata>
<GAML:Ydata label="7.b" units="counts">
<GAML:values byteorder="INTEL" format="ASCII" numvalues="8">
8 11 10 11 2 0 1 0 
</GAML:values>
</GAML:Ydata>
</GAML:trace>
<GAML:trace label="7.y" type="y ion histogram">
<GAML:Xdata label="7.y" units="number of ions">
<GAML:values byteorder="INTEL" format="ASCII" numvalues="6">
0 1 2 3 4 5 
</GAML:values>
</GAML:Xdata>
<GAML:Ydata label="7.y" units="counts">
<GAML:values byteorder="INTEL" format="ASCII" numvalues="6">
9 22 7 4 1 0 
</GAML:values>
</GAML:Ydata>
</GAML:trace>

</group>
<group type="support" label="fragment ion mass spectrum">
<note label="Description">id=1243712,sequence=DAGVIAGLNVLR </note>
<GAML:trace id="7" label="7.spectrum" type="tandem mass spectrum">
<GAML:attribute type="M+H">1199.58</GAML:attribute>
<GAML:attribute type="charge">3</GAML:attribute>
<GAML:Xdata label="7.spectrum" units="MASSTOCHARGERATIO">
<GAML:values byteorder="INTEL" format="ASCII" numvalues="50">
158.08 159.107 171.013 175.07 186.97 194.298 242.924 251.307 263.943 288.226 292.577 299.146 307.732 314.906 317.896 325.109 327.919 336.138 337.921 340.059 343.107 349.293 356.033 364.769 366.286 371.668 379.184 383.15 384.179 387.22
392.012 428.4 438.246 441.503 455.803 469.259 478.044 497.589 501.351 506.261 512.281 514.967 527.211 568.187 584.099 586.334 654.384 671.525 697.197 811.082 
</GAML:values>
</GAML:Xdata>
<GAML:Ydata label="7.spectrum" units="UNKNOWN">
<GAML:values byteorder="INTEL" format="ASCII" numvalues="50">
21 11 6 43 24 5 5 24 6 56 8 6 10 10 4 8 11 10 5 18 37 57 8 29 13 31 4 32 14 36
44 64 9 14 64 8 5 6 100 67 9 76 25 5 55 5 8 6 19 11 
</GAML:values>
</GAML:Ydata>
</GAML:trace>
</group></group>
<group id="160" mh="805.372724" z="2" rt="" expect="2.2e-01" label="sp|NQO2_HUMAN|" type="model" sumI="4.01" maxI="1229.11" fI="12.2911" act="0" >
<protein expect="0.0" id="160.1" uid="167" label="sp|NQO2_HUMAN|" sumI="4.01" >
<note label="description">sp|NQO2_HUMAN|</note>
<file type="peptide" URL="db_concatenated_target_decoy.fasta"/>
<peptide start="1" end="230">
	AGKKVLIVYA HQEPKSFNGS LKNVAVDELS RQGCTVTVSD LYAMNFEPRA
	TDKDITGTLS NPEVFNYGVE THEAYKQRSL ASDITDEQKK VREADLVIFQ
	FPLYWFSVPA ILKGWMDRVL CQGFAFDIPG FYDSGLLQGK LALLSVTTGG
	TAEMYTKTGV NGDSRYFLWP LQHGTLHFCG FKVLAPQISF APEIASEEER
	KGMVAAWSQR LQTIWKEEPI PCTAHWHFGQ 
<domain id="160.1.1" start="158" end="165" expect="2.2e-01" mh="805.3799" delta="-0.0071" hyperscore="16.2" nextscore="8.0" y_score="7.8" y_ions="5" b_score="0.0" b_ions="0" pre="MYTK" post="YFLW" seq="TGVNGDSR" missed_cleavages="0">
</domain>
</peptide>
</protein>
<group label="supporting data" type="support">
<GAML:trace label="160.hyper" type="hyperscore expectation function">
<GAML:attribute type="a0">3.375</GAML:attribute>
<GAML:attribute type="a1">-0.25</GAML:attribute>
<GAML:Xdata label="160.hyper" units="score">
<GAML:values byteorder="INTEL" format="ASCII" numvalues="27">
0 1 2 3 4 5 6 7 8 9 10 11 12 13 14 15 16 17 18 19 20 21 22 23 24 25 26 
</GAML:values>
</GAML:Xdata>
<GAML:Ydata label="160.hyper" units="counts">
<GAML:values byteorder="INTEL" format="ASCII" numvalues="27">
50 50 50 48 47 33 25 19 16 14 9 2 1 1 0 0 0 0 0 0 0 0 0 0 0 1 0 
</GAML:values>
</GAML:Ydata>
</GAML:trace>
<GAML:trace label="160.convolute" type="convolution survival function">
<GAML:Xdata label="160.convolute" units="score">
<GAML:values byteorder="INTEL" format="ASCII" numvalues="14">
0 1 2 3 4 5 6 7 8 9 10 11 12 13 
</GAML:values>
</GAML:Xdata>
<GAML:Ydata label="160.convolute" units="counts">
<GAML:values byteorder="INTEL" format="ASCII" numvalues="14">
55 55 55 53 52 36 29 18 10 5 2 1 1 0 
</GAML:values>
</GAML:Ydata>
</GAML:trace>
<GAML:trace label="160.b" type="b ion histogram">
<GAML:Xdata label="160.b" units="number of ions">
<GAML:values byteorder="INTEL" format="ASCII" numvalues="4">
0 1 2 3 
</GAML:values>
</GAML:Xdata>
<GAML:Ydata label="160.b" units="counts">
<GAML:values byteorder="INTEL" format="ASCII" numvalues="4">
36 19 1 0 
</GAML:values>
</GAML:Ydata>
</GAML:trace>
<GAML:trace label="160.y" type="y ion histogram">
<GAML:Xdata label="160.y" units="number of ions">
<GAML:values byteorder="INTEL" format="ASCII" numvalues="8">
0 1 2 3 4 5 6 7 
</GAML:values>
</GAML:Xdata>
<GAML:Ydata label="160.y" units="counts">
<GAML:values byteorder="INTEL" format="ASCII" numvalues="8">
1 28 13 9 1 3 0 1 
</GAML:values>
</GAML:Ydata>
</GAML:trace>

</group>
<group type="support" label="fragment ion mass spectrum">
<note label="Description">id=25247,sequence=VGVNGFGR </note>
<GAML:trace id="160" label="160.spectrum" type="tandem mass spectrum">
<GAML:attribute type="M+H">805.373</GAML:attribute>
<GAML:attribute type="charge">2</GAML:attribute>
<GAML:Xdata label="160.spectrum" units="MASSTOCHARGERATIO">
<GAML:values byteorder="INTEL" format="ASCII" numvalues="50">
157.08 175.099 176.044 191.986 209.997 218.153 232.16 243.135 256.079 261.022 274.093 288.206 290.383 314.098 316.684 318.221 325.315 333.768 345.72 353.051 357.329 359.417 365.133 367.109 370.047 375.087 379.225 381.416 385.15 387.156
389.442 391.601 394.522 410.13 413.385 436.245 446.294 462.131 487.502 516.304 528.479 547.592 550.322 557.251 562.571 632.091 649.323 663.752 689.296 706.264 
</GAML:values>
</GAML:Xdata>
<GAML:Ydata label="160.spectrum" units="UNKNOWN">
<GAML:values byteorder="INTEL" format="ASCII" numvalues="50">
13 32 6 5 19 5 18 8 11 23 4 17 4 6 64 4 28 4 9 11 5 9 7 10 22 4 23 6 43 17
6 7 100 4 4 53 4 6 4 9 4 9 93 7 5 8 31 4 13 21 
</GAML:values>
</GAML:Ydata>
</GAML:trace>
</group></group>
<group id="167" mh="805.452744" z="2" rt="" expect="2.7e-01" label="sp|GAG_SCVLA|" type="model" sumI="3.65" maxI="667.433" fI="6.67433" act="0" >
<protein expect="0.0" id="167.1" uid="203" label="sp|GAG_SCVLA|" sumI="3.65" >
<note label="description">sp|GAG_SCVLA|</note>
<file type="peptide" URL="db_concatenated_target_decoy.fasta"/>
<peptide start="1" end="680">
	MLRFVTKNSQ DKSSDLFSIC SDRGTFVAHN RVRTDFKFDN LVFNRVYGVS
	QKFTLVGNPT VCFNEGSSYL EGIAKKYLTL DGGLAIDNVL NELRSTCGIP
	GNAVASHAYN ITSWRWYDNH VALLMNMLRA YHLQVLTEQG QYSAGDIPMY
	HDGHVKIKLP VTIDDTAGPT QFAWPSDRST DSYPDWAQFS ESFPSIDVPY
	LDVRPLTVTE VNFVLMMMSK WHRRTNLAID YEAPQLADKF AYRHALTVQD
	ADEWIEGDRT DDQFRPPSSK VMLSALRKYV NHNRLYNQFY TAAQLLAQIM
	MKPVPNCAEG YAWLMHDALV NIPKFGSIRG RYPFLLSGDA ALIQATALED
	WSAIMAKPEL VFTYAMQVSV ALNTGLYLRR VKKTGFGTTI DDSYEDGAFL
	QPETFVQAAL ACCTGQDAPL NGMSDVYVTY PDLLEFDAVT QVPITVIEPA
	GYNIVDDHLV VVGVPVACSP YMIFPVAAFD TANPYCGNFV IKAANKYLRK
	GAVYDKLEAW KLAWALRVAG YDTHFKVYGD THGLTKFYAD NGDTWTHIPE
	FVTDGDVMEV FVTAIERRAR HFVELPRLNS PAFFRSVEVS TTIYDTHVQA
	GAHAVYHASR INLDYVKPVS TGIQVINAGE LKNYWGSVRR TQQGLGVVGL
	TMPAVMPTGE PTAGAAHEEL IEQADNVLVE 
<domain id="167.1.1" start="271" end="277" expect="2.7e-01" mh="805.4600" delta="-0.0073" hyperscore="14.7" nextscore="12.8" y_score="9.2" y_ions="4" b_score="3.0" b_ions="1" pre="PSSK" post="KYVN" seq="VMLSALR" missed_cleavages="0">
<aa type="M" at="272" modified="15.99492" />
</domain>
</peptide>
</protein>
<group label="supporting data" type="support">
<GAML:trace label="167.hyper" type="hyperscore expectation function">
<GAML:attribute type="a0">3.125</GAML:attribute>
<GAML:attribute type="a1">-0.25</GAML:attribute>
<GAML:Xdata label="167.hyper" units="score">
<GAML:values byteorder="INTEL" format="ASCII" numvalues="21">
0 1 2 3 4 5 6 7 8 9 10 11 12 13 14 15 16 17 18 19 20 
</GAML:values>
</GAML:Xdata>
<GAML:Ydata label="167.hyper" units="counts">
<GAML:values byteorder="INTEL" format="ASCII" numvalues="21">
21 21 21 17 13 6 5 5 4 3 2 1 0 0 0 0 0 0 0 1 0 
</GAML:values>
</GAML:Ydata>
</GAML:trace>
<GAML:trace label="167.convolute" type="convolution survival function">
<GAML:Xdata label="167.convolute" units="score">
<GAML:values byteorder="INTEL" format="ASCII" numvalues="14">
0 1 2 3 4 5 6 7 8 9 10 11 12 13 
</GAML:values>
</GAML:Xdata>
<GAML:Ydata label="167.convolute" units="counts">
<GAML:values byteorder="INTEL" format="ASCII" numvalues="14">
76 76 76 72 68 58 49 41 28 24 13 3 1 0 
</GAML:values>
</GAML:Ydata>
</GAML:trace>
<GAML:trace label="167.b" type="b ion histogram">
<GAML:Xdata label="167.b" units="number of ions">
<GAML:values byteorder="INTEL" format="ASCII" numvalues="4">
0 1 2 3 
</GAML:values>
</GAML:Xdata>
<GAML:Ydata label="167.b" units="counts">
<GAML:values byteorder="INTEL" format="ASCII" numvalues="4">
33 33 10 0 
</GAML:values>
</GAML:Ydata>
</GAML:trace>
<GAML:trace label="167.y" type="y ion histogram">
<GAML:Xdata label="167.y" units="number of ions">
<GAML:values byteorder="INTEL" format="ASCII" numvalues="7">
0 1 2 3 4 5 6 
</GAML:values>
</GAML:Xdata>
<GAML:Ydata label="167.y" units="counts">
<GAML:values byteorder="INTEL" format="ASCII" numvalues="7">
17 17 21 12 6 3 0 
</GAML:values>
</GAML:Ydata>
</GAML:trace>

</group>
<group type="support" label="fragment ion mass spectrum">
<note label="Description">id=30613,sequence=VGVNGFGR </note>
<GAML:trace id="167" label="167.spectrum" type="tandem mass spectrum">
<GAML:attribute type="M+H">805.453</GAML:attribute>
<GAML:attribute type="charge">2</GAML:attribute>
<GAML:Xdata label="167.spectrum" units="MASSTOCHARGERATIO">
<GAML:values byteorder="INTEL" format="ASCII" numvalues="50">
157.025 158.308 175.028 211.117 232.229 243.029 255.972 261.052 266.884 275.707 279.293 289.154 303.488 309.399 312.306 316.624 325.176 327.204 340.674 342.973 353.043 358.944 367.164 370.078 373.319 375.099 379.455 382.012 385.168 387.241
394.238 397.3 434.263 436.316 447.719 450.752 455.63 461.523 504.214 550.313 557.25 574.418 579.205 613.294 632.652 650.454 664.64 676.791 689.494 706.591 
</GAML:values>
</GAML:Xdata>
<GAML:Ydata label="167.spectrum" units="UNKNOWN">
<GAML:values byteorder="INTEL" format="ASCII" numvalues="50">
3 4 19 31 11 7 9 45 5 3 5 4 4 6 4 28 34 4 4 5 10 9 5 9 6 7 19 8 17 30
53 4 4 29 6 4 4 12 4 100 6 3 4 7 10 23 6 6 5 34 
</GAML:values>
</GAML:Ydata>
</GAML:trace>
</group></group>
<group label="input parameters" type="parameters">
	<note type="input" label="list path, default parameters">/home/biodocker/bin/tandem-linux-17-02-01-4/bin/default_input.xml</note>
	<note type="input" label="list path, taxonomy information">taxonomy.xml</note>
	<note type="input" label="output, histogram column width">30</note>
	<note type="input" label="output, histograms">yes</note>
	<note type="input" label="output, log path"></note>
	<note type="input" label="output, maximum valid expectation value">1.0</note>
	<note type="input" label="output, message">testing 1 2 3</note>
	<note type="input" label="output, mzid">yes</note>
	<note type="input" label="output, one sequence copy">no</note>
	<note type="input" label="output, parameters">yes</note>
	<note type="input" label="output, path">test.mgf.xml</note>
	<note type="input" label="output, path hashing">no</note>
	<note type="input" label="output, performance">yes</note>
	<note type="input" label="output, proteins">yes</note>
	<note type="input" label="output, results">valid</note>
	<note type="input" label="output, sequence path"></note>
	<note type="input" label="output, sequences">yes</note>
	<note type="input" label="output, sort results by">protein</note>
	<note type="input" label="output, spectra">yes</note>
	<note type="input" label="output, xsl path">tandem-style.xsl</note>
	<note type="input" label="protein, C-terminal residue modification mass">0.0</note>
	<note type="input" label="protein, N-terminal residue modification mass">0.0</note>
	<note type="input" label="protein, cleavage C-terminal mass change">+17.002735</note>
	<note type="input" label="protein, cleavage N-terminal mass change">+1.007825</note>
	<note type="input" label="protein, cleavage site">[RK]|{P}</note>
	<note type="input" label="protein, homolog management">no</note>
	<note type="input" label="protein, modified residue mass file"></note>
	<note type="input" label="protein, taxon">user_database</note>
	<note type="input" label="refine">no</note>
	<note type="input" label="refine, maximum valid expectation value">0.1</note>
	<note type="input" label="refine, sequence path"></note>
	<note type="input" label="refine, spectrum synthesis">yes</note>
	<note type="input" label="residue, modification mass">57.021464@C</note>
	<note type="input" label="residue, potential modification mass">15.994915@M,+42.010565@[</note>
	<note type="input" label="residue, potential modification motif"></note>
	<note type="input" label="scoring, a ions">no</note>
	<note type="input" label="scoring, b ions">yes</note>
	<note type="input" label="scoring, c ions">no</note>
	<note type="input" label="scoring, cyclic permutation">no</note>
	<note type="input" label="scoring, include reverse">no</note>
	<note type="input" label="scoring, maximum missed cleavage sites">1</note>
	<note type="input" label="scoring, minimum ion count">4</note>
	<note type="input" label="scoring, x ions">no</note>
	<note type="input" label="scoring, y ions">yes</note>
	<note type="input" label="scoring, z ions">no</note>
	<note type="input" label="spectrum, dynamic range">100.0</note>
	<note type="input" label="spectrum, fragment mass type">monoisotopic</note>
	<note type="input" label="spectrum, fragment monoisotopic mass error">0.5</note>
	<note type="input" label="spectrum, fragment monoisotopic mass error units">Daltons</note>
	<note type="input" label="spectrum, maximum parent charge">4</note>
	<note type="input" label="spectrum, minimum fragment mz">150.0</note>
	<note type="input" label="spectrum, minimum parent m+h">500.0</note>
	<note type="input" label="spectrum, minimum peaks">15</note>
	<note type="input" label="spectrum, parent monoisotopic mass error minus">10</note>
	<note type="input" label="spectrum, parent monoisotopic mass error plus">10</note>
	<note type="input" label="spectrum, parent monoisotopic mass error units">ppm</note>
	<note type="input" label="spectrum, parent monoisotopic mass isotope error">yes</note>
	<note type="input" label="spectrum, path">test.mgf</note>
	<note type="input" label="spectrum, sequence batch size">1000</note>
	<note type="input" label="spectrum, threads">1</note>
	<note type="input" label="spectrum, total peaks">50</note>
</group>
<group label="unused input parameters"  type="parameters">
	<note type="input" label="protein, use minimal annotations">yes</note>
	<note type="input" label="refine, modification mass"></note>
	<note type="input" label="refine, point mutations">no</note>
	<note type="input" label="refine, potential C-terminus modifications"></note>
	<note type="input" label="refine, potential N-terminus modifications"></note>
	<note type="input" label="refine, potential modification mass"></note>
	<note type="input" label="refine, potential modification motif"></note>
	<note type="input" label="refine, tic percent">20</note>
	<note type="input" label="refine, unanticipated cleavage">yes</note>
	<note type="input" label="refine, use potential modifications for full refinement">no</note>
	<note type="input" label="scoring, pluggable scoring">no</note>
	<note type="input" label="spectrum, use noise suppression">yes</note>
</group>
<group label="performance parameters" type="parameters">
	<note label="list path, sequence source #1">db_concatenated_target_decoy.fasta</note>
	<note label="list path, sequence source description #1">no description</note>
	<note label="modelling, duplicate peptide ids">0</note>
	<note label="modelling, duplicate proteins">0</note>
	<note label="modelling, estimated false positives">1</note>
	<note label="modelling, total peptides used">265</note>
	<note label="modelling, total proteins used">232</note>
	<note label="modelling, total spectra assigned">7</note>
	<note label="modelling, total spectra used">210</note>
	<note label="modelling, total unique assigned">7</note>
	<note label="process, start time">2019:01:14:22:48:06</note>
	<note label="process, version">X! Tandem Alanine (2017.2.1.4)</note>
	<note label="quality values">0 3 3 1 0 0 0 0 0 0 0 0 0 0 0 0 0 0 0 0</note>
	<note label="refining, # input models">0</note>
	<note label="refining, # input spectra">0</note>
	<note label="refining, # partial cleavage">0</note>
	<note label="refining, # point mutations">0</note>
	<note label="refining, # potential C-terminii">0</note>
	<note label="refining, # potential N-terminii">0</note>
	<note label="refining, # unanticipated cleavage">0</note>
	<note label="timing, initial modelling total (sec)">0.00</note>
	<note label="timing, initial modelling/spectrum (sec)">0.0000</note>
	<note label="timing, load sequence models (sec)">0.00</note>
	<note label="timing, refinement/spectrum (sec)">0.0000</note>
</group>
</bioml>
